<?xml version="1.0" encoding="UTF-8"?>
<coverage generated="1582082664885" clover="3.2.0">
  <project timestamp="1582082664885" name="All files">
    <metrics statements="33" coveredstatements="33" conditionals="0" coveredconditionals="0" methods="18" coveredmethods="18" elements="51" coveredelements="51" complexity="0" loc="33" ncloc="33" packages="1" files="8" classes="8"/>
    <file name="calculator.js" path="C:\Users\tomas\Desktop\calculator\calculator.js">
      <metrics statements="8" coveredstatements="8" conditionals="0" coveredconditionals="0" methods="6" coveredmethods="6"/>
      <line num="2" count="1" type="stmt"/>
      <line num="6" count="1" type="stmt"/>
      <line num="10" count="1" type="stmt"/>
      <line num="14" count="1" type="stmt"/>
      <line num="18" count="1" type="stmt"/>
      <line num="22" count="1" type="stmt"/>
      <line num="26" count="1" type="stmt"/>
      <line num="31" count="1" type="stmt"/>
    </file>
    <file name="difference.js" path="C:\Users\tomas\Desktop\calculator\difference.js">
      <metrics statements="2" coveredstatements="2" conditionals="0" coveredconditionals="0" methods="1" coveredmethods="1"/>
      <line num="3" count="2" type="stmt"/>
      <line num="6" count="2" type="stmt"/>
    </file>
    <file name="mathOperations.js" path="C:\Users\tomas\Desktop\calculator\mathOperations.js">
      <metrics statements="13" coveredstatements="13" conditionals="0" coveredconditionals="0" methods="6" coveredmethods="6"/>
      <line num="2" count="1" type="stmt"/>
      <line num="3" count="1" type="stmt"/>
      <line num="4" count="1" type="stmt"/>
      <line num="5" count="1" type="stmt"/>
      <line num="6" count="1" type="stmt"/>
      <line num="7" count="1" type="stmt"/>
      <line num="11" count="1" type="stmt"/>
      <line num="14" count="1" type="stmt"/>
      <line num="17" count="1" type="stmt"/>
      <line num="20" count="1" type="stmt"/>
      <line num="23" count="1" type="stmt"/>
      <line num="26" count="1" type="stmt"/>
      <line num="30" count="1" type="stmt"/>
    </file>
    <file name="power.js" path="C:\Users\tomas\Desktop\calculator\power.js">
      <metrics statements="2" coveredstatements="2" conditionals="0" coveredconditionals="0" methods="1" coveredmethods="1"/>
      <line num="3" count="2" type="stmt"/>
      <line num="6" count="2" type="stmt"/>
    </file>
    <file name="product.js" path="C:\Users\tomas\Desktop\calculator\product.js">
      <metrics statements="2" coveredstatements="2" conditionals="0" coveredconditionals="0" methods="1" coveredmethods="1"/>
      <line num="3" count="2" type="stmt"/>
      <line num="6" count="2" type="stmt"/>
    </file>
    <file name="quotient.js" path="C:\Users\tomas\Desktop\calculator\quotient.js">
      <metrics statements="2" coveredstatements="2" conditionals="0" coveredconditionals="0" methods="1" coveredmethods="1"/>
      <line num="3" count="2" type="stmt"/>
      <line num="6" count="2" type="stmt"/>
    </file>
    <file name="root.js" path="C:\Users\tomas\Desktop\calculator\root.js">
      <metrics statements="2" coveredstatements="2" conditionals="0" coveredconditionals="0" methods="1" coveredmethods="1"/>
      <line num="3" count="2" type="stmt"/>
      <line num="6" count="2" type="stmt"/>
    </file>
    <file name="sum.js" path="C:\Users\tomas\Desktop\calculator\sum.js">
      <metrics statements="2" coveredstatements="2" conditionals="0" coveredconditionals="0" methods="1" coveredmethods="1"/>
      <line num="3" count="2" type="stmt"/>
      <line num="6" count="2" type="stmt"/>
    </file>
  </project>
</coverage>
